<?xml version="1.0" encoding="UTF-8"?>
<testsuite name="TestSuite" time="2.756" tests="4" errors="0" skipped="2" failures="1">
  <properties>
[...]
</properties>
  <testcase name="openBrowser" classname="com.jenkin.SwagLabs" time="2.756">
    <failure message="java/sql/Time" type="java.lang.NoClassDefFoundError"><![CDATA[java.lang.NoClassDefFoundError: java/sql/Time
	at java.base/java.net.URLClassLoader.findClass(URLClassLoader.java:433)
	at java.base/java.lang.ClassLoader.loadClass(ClassLoader.java:586)
	at java.base/java.lang.ClassLoader.loadClass(ClassLoader.java:519)
	at org.apache.maven.surefire.booter.IsolatedClassLoader.loadClass(IsolatedClassLoader.java:97)
	at com.google.gson.Gson.<init>(Gson.java:265)
	at com.google.gson.GsonBuilder.create(GsonBuilder.java:597)
	at io.github.bonigarcia.wdm.WebDriverManager.getDriversFromGitHub(WebDriverManager.java:1333)
	at io.github.bonigarcia.wdm.managers.FirefoxDriverManager.getDriverUrls(FirefoxDriverManager.java:95)
	at io.github.bonigarcia.wdm.WebDriverManager.createUrlHandler(WebDriverManager.java:1161)
	at io.github.bonigarcia.wdm.WebDriverManager.download(WebDriverManager.java:1009)
	at io.github.bonigarcia.wdm.WebDriverManager.manage(WebDriverManager.java:927)
	at io.github.bonigarcia.wdm.WebDriverManager.setup(WebDriverManager.java:337)
	at com.jenkin.SwagLabs.openBrowser(SwagLabs.java:33)
]]></failure>
    <system-out><![CDATA[[TestNGContentHandler] [WARN] It is strongly recommended to add "<!DOCTYPE suite SYSTEM "https://testng.org/testng-1.0.dtd" >" at the top of the suite file [C:\Users\jaquilined\eclipse-NewProjDrill\mavenjenkinsgit\testngjen.xml] otherwise TestNG may fail or not work as expected.
]]></system-out>
    <system-err><![CDATA[SLF4J: Failed to load class "org.slf4j.impl.StaticLoggerBinder".
SLF4J: Defaulting to no-operation (NOP) logger implementation
SLF4J: See http://www.slf4j.org/codes.html#StaticLoggerBinder for further details.
Starting ChromeDriver 94.0.4606.61 (418b78f5838ed0b1c69bb4e51ea0252171854915-refs/branch-heads/4606@{#1204}) on port 30181
Only local connections are allowed.
Please see https://chromedriver.chromium.org/security-considerations for suggestions on keeping ChromeDriver safe.
ChromeDriver was started successfully.
]]></system-err>
  </testcase>
  <testcase name="logintest" classname="com.jenkin.SwagLabs" time="0">
    <skipped/>
  </testcase>
  <testcase name="logintest" classname="com.jenkin.SwagLabs" time="52.916"/>
  <testcase name="closeBrowser" classname="com.jenkin.SwagLabs" time="0">
    <skipped/>
  </testcase>
</testsuite>