<?xml version="1.0" encoding="UTF-8"?>
<!-- Generated by org.testng.reporters.JUnitXMLReporter -->
<testsuite ignored="0" hostname="MAVBCP3461" failures="0" tests="1" name="Firefox Test" time="2.41" errors="0" timestamp="2021-10-15T02:26:11 IST">
  <testcase classname="com.jenkin.SwagLabs" name="@BeforeTest openBrowser" time="2.376">
    <failure type="java.lang.NoClassDefFoundError" message="java/sql/Time">
      <![CDATA[java.lang.NoClassDefFoundError: java/sql/Time
at com.google.gson.Gson.<init>(Gson.java:265)
at com.google.gson.GsonBuilder.create(GsonBuilder.java:597)
at io.github.bonigarcia.wdm.WebDriverManager.getDriversFromGitHub(WebDriverManager.java:1333)
at io.github.bonigarcia.wdm.managers.FirefoxDriverManager.getDriverUrls(FirefoxDriverManager.java:95)
at io.github.bonigarcia.wdm.WebDriverManager.createUrlHandler(WebDriverManager.java:1161)
at io.github.bonigarcia.wdm.WebDriverManager.download(WebDriverManager.java:1009)
at io.github.bonigarcia.wdm.WebDriverManager.manage(WebDriverManager.java:927)
at io.github.bonigarcia.wdm.WebDriverManager.setup(WebDriverManager.java:337)
at com.jenkin.SwagLabs.openBrowser(SwagLabs.java:33)
at java.base/java.util.concurrent.FutureTask.run(FutureTask.java:264)
at java.base/java.util.concurrent.ThreadPoolExecutor.runWorker(ThreadPoolExecutor.java:1130)
at java.base/java.util.concurrent.ThreadPoolExecutor$Worker.run(ThreadPoolExecutor.java:630)
at java.base/java.lang.Thread.run(Thread.java:831)
Caused by: java.lang.ClassNotFoundException: java.sql.Time
at java.base/java.net.URLClassLoader.findClass(URLClassLoader.java:433)
at java.base/java.lang.ClassLoader.loadClass(ClassLoader.java:586)
at java.base/java.lang.ClassLoader.loadClass(ClassLoader.java:519)
... 28 more
... Removed 16 stack frames]]>
    </failure>
  </testcase> <!-- @BeforeTest openBrowser -->
  <testcase classname="com.jenkin.SwagLabs" name="@AfterTest closeBrowser" time="-1.634244971357E9">
    <skipped/>
  </testcase> <!-- @AfterTest closeBrowser -->
  <testcase classname="com.jenkin.SwagLabs" name="logintest" time="0.0">
    <skipped/>
  </testcase> <!-- logintest -->
</testsuite> <!-- Firefox Test -->
