<?xml version="1.0" encoding="UTF-8"?>
<testng-results ignored="0" total="2" passed="2" failed="0" skipped="0">
  <reporter-output>
  </reporter-output>
  <suite started-at="2021-10-15T02:27:21 IST" name="Parallel test suite" finished-at="2021-10-15T02:28:28 IST" duration-ms="66087">
    <groups>
    </groups>
    <test started-at="2021-10-15T02:27:21 IST" name="Chrome Test" finished-at="2021-10-15T02:28:22 IST" duration-ms="60170">
      <class name="com.jenkin.SwagLabs">
        <test-method is-config="true" signature="openBrowser(java.lang.String)[pri:0, instance:com.jenkin.SwagLabs@534a5a98]" started-at="2021-10-15T02:27:21 IST" name="openBrowser" finished-at="2021-10-15T02:27:27 IST" duration-ms="5164" status="PASS">
          <params>
            <param index="0">
              <value>
                <![CDATA[chrome]]>
              </value>
            </param>
          </params>
          <reporter-output>
          </reporter-output>
        </test-method> <!-- openBrowser -->
        <test-method signature="logintest()[pri:0, instance:com.jenkin.SwagLabs@534a5a98]" started-at="2021-10-15T02:27:27 IST" name="logintest" finished-at="2021-10-15T02:28:20 IST" duration-ms="53659" status="PASS">
          <reporter-output>
          </reporter-output>
        </test-method> <!-- logintest -->
        <test-method is-config="true" signature="closeBrowser()[pri:0, instance:com.jenkin.SwagLabs@534a5a98]" started-at="2021-10-15T02:28:20 IST" name="closeBrowser" finished-at="2021-10-15T02:28:22 IST" duration-ms="1288" status="PASS">
          <reporter-output>
          </reporter-output>
        </test-method> <!-- closeBrowser -->
      </class> <!-- com.jenkin.SwagLabs -->
    </test> <!-- Chrome Test -->
    <test started-at="2021-10-15T02:27:21 IST" name="Firefox Test" finished-at="2021-10-15T02:28:28 IST" duration-ms="66087">
      <class name="com.jenkin.SwagLabs">
        <test-method is-config="true" signature="openBrowser(java.lang.String)[pri:0, instance:com.jenkin.SwagLabs@194bcebf]" started-at="2021-10-15T02:27:21 IST" name="openBrowser" finished-at="2021-10-15T02:27:31 IST" duration-ms="9238" status="PASS">
          <params>
            <param index="0">
              <value>
                <![CDATA[Firefox]]>
              </value>
            </param>
          </params>
          <reporter-output>
          </reporter-output>
        </test-method> <!-- openBrowser -->
        <test-method signature="logintest()[pri:0, instance:com.jenkin.SwagLabs@194bcebf]" started-at="2021-10-15T02:27:31 IST" name="logintest" finished-at="2021-10-15T02:28:26 IST" duration-ms="54882" status="PASS">
          <reporter-output>
          </reporter-output>
        </test-method> <!-- logintest -->
        <test-method is-config="true" signature="closeBrowser()[pri:0, instance:com.jenkin.SwagLabs@194bcebf]" started-at="2021-10-15T02:28:26 IST" name="closeBrowser" finished-at="2021-10-15T02:28:28 IST" duration-ms="1958" status="PASS">
          <reporter-output>
          </reporter-output>
        </test-method> <!-- closeBrowser -->
      </class> <!-- com.jenkin.SwagLabs -->
    </test> <!-- Firefox Test -->
  </suite> <!-- Parallel test suite -->
</testng-results>
